Analysis & Synthesis report for UART
Thu May 08 10:57:44 2025
Quartus Prime Version 20.1.1 Build 720 11/11/2020 SJ Lite Edition


---------------------
; Table of Contents ;
---------------------
  1. Legal Notice
  2. Analysis & Synthesis Summary
  3. Analysis & Synthesis Settings
  4. Parallel Compilation
  5. Analysis & Synthesis Source Files Read
  6. Analysis & Synthesis Resource Usage Summary
  7. Analysis & Synthesis Resource Utilization by Entity
  8. State Machine - |UART_Module|UART_rx:RX|STATE
  9. State Machine - |UART_Module|UART_tx:TX|STATE
 10. Registers Removed During Synthesis
 11. Removed Registers Triggering Further Register Optimizations
 12. General Register Statistics
 13. Inverted Register Statistics
 14. Multiplexer Restructuring Statistics (Restructuring Performed)
 15. Parameter Settings for User Entity Instance: UART_tx:TX
 16. Parameter Settings for User Entity Instance: UART_rx:RX
 17. Post-Synthesis Netlist Statistics for Top Partition
 18. Elapsed Time Per Partition
 19. Analysis & Synthesis Messages
 20. Analysis & Synthesis Suppressed Messages



----------------
; Legal Notice ;
----------------
Copyright (C) 2020  Intel Corporation. All rights reserved.
Your use of Intel Corporation's design tools, logic functions 
and other software and tools, and any partner logic 
functions, and any output files from any of the foregoing 
(including device programming or simulation files), and any 
associated documentation or information are expressly subject 
to the terms and conditions of the Intel Program License 
Subscription Agreement, the Intel Quartus Prime License Agreement,
the Intel FPGA IP License Agreement, or other applicable license
agreement, including, without limitation, that your use is for
the sole purpose of programming logic devices manufactured by
Intel and sold by Intel or its authorized distributors.  Please
refer to the applicable agreement for further details, at
https://fpgasoftware.intel.com/eula.



+----------------------------------------------------------------------------------+
; Analysis & Synthesis Summary                                                     ;
+------------------------------------+---------------------------------------------+
; Analysis & Synthesis Status        ; Successful - Thu May 08 10:57:44 2025       ;
; Quartus Prime Version              ; 20.1.1 Build 720 11/11/2020 SJ Lite Edition ;
; Revision Name                      ; UART                                        ;
; Top-level Entity Name              ; UART_Module                                 ;
; Family                             ; Cyclone IV E                                ;
; Total logic elements               ; 189                                         ;
;     Total combinational functions  ; 181                                         ;
;     Dedicated logic registers      ; 110                                         ;
; Total registers                    ; 110                                         ;
; Total pins                         ; 21                                          ;
; Total virtual pins                 ; 0                                           ;
; Total memory bits                  ; 0                                           ;
; Embedded Multiplier 9-bit elements ; 0                                           ;
; Total PLLs                         ; 0                                           ;
+------------------------------------+---------------------------------------------+


+------------------------------------------------------------------------------------------------------------+
; Analysis & Synthesis Settings                                                                              ;
+------------------------------------------------------------------+--------------------+--------------------+
; Option                                                           ; Setting            ; Default Value      ;
+------------------------------------------------------------------+--------------------+--------------------+
; Device                                                           ; EP4CE22F17C6       ;                    ;
; Top-level entity name                                            ; UART_Module        ; UART               ;
; Family name                                                      ; Cyclone IV E       ; Cyclone V          ;
; Use smart compilation                                            ; Off                ; Off                ;
; Enable parallel Assembler and Timing Analyzer during compilation ; On                 ; On                 ;
; Enable compact report table                                      ; Off                ; Off                ;
; Restructure Multiplexers                                         ; Auto               ; Auto               ;
; Create Debugging Nodes for IP Cores                              ; Off                ; Off                ;
; Preserve fewer node names                                        ; On                 ; On                 ;
; Intel FPGA IP Evaluation Mode                                    ; Enable             ; Enable             ;
; Verilog Version                                                  ; Verilog_2001       ; Verilog_2001       ;
; VHDL Version                                                     ; VHDL_1993          ; VHDL_1993          ;
; State Machine Processing                                         ; Auto               ; Auto               ;
; Safe State Machine                                               ; Off                ; Off                ;
; Extract Verilog State Machines                                   ; On                 ; On                 ;
; Extract VHDL State Machines                                      ; On                 ; On                 ;
; Ignore Verilog initial constructs                                ; Off                ; Off                ;
; Iteration limit for constant Verilog loops                       ; 5000               ; 5000               ;
; Iteration limit for non-constant Verilog loops                   ; 250                ; 250                ;
; Add Pass-Through Logic to Inferred RAMs                          ; On                 ; On                 ;
; Infer RAMs from Raw Logic                                        ; On                 ; On                 ;
; Parallel Synthesis                                               ; On                 ; On                 ;
; DSP Block Balancing                                              ; Auto               ; Auto               ;
; NOT Gate Push-Back                                               ; On                 ; On                 ;
; Power-Up Don't Care                                              ; On                 ; On                 ;
; Remove Redundant Logic Cells                                     ; Off                ; Off                ;
; Remove Duplicate Registers                                       ; On                 ; On                 ;
; Ignore CARRY Buffers                                             ; Off                ; Off                ;
; Ignore CASCADE Buffers                                           ; Off                ; Off                ;
; Ignore GLOBAL Buffers                                            ; Off                ; Off                ;
; Ignore ROW GLOBAL Buffers                                        ; Off                ; Off                ;
; Ignore LCELL Buffers                                             ; Off                ; Off                ;
; Ignore SOFT Buffers                                              ; On                 ; On                 ;
; Limit AHDL Integers to 32 Bits                                   ; Off                ; Off                ;
; Optimization Technique                                           ; Balanced           ; Balanced           ;
; Carry Chain Length                                               ; 70                 ; 70                 ;
; Auto Carry Chains                                                ; On                 ; On                 ;
; Auto Open-Drain Pins                                             ; On                 ; On                 ;
; Perform WYSIWYG Primitive Resynthesis                            ; Off                ; Off                ;
; Auto ROM Replacement                                             ; On                 ; On                 ;
; Auto RAM Replacement                                             ; On                 ; On                 ;
; Auto DSP Block Replacement                                       ; On                 ; On                 ;
; Auto Shift Register Replacement                                  ; Auto               ; Auto               ;
; Allow Shift Register Merging across Hierarchies                  ; Auto               ; Auto               ;
; Auto Clock Enable Replacement                                    ; On                 ; On                 ;
; Strict RAM Replacement                                           ; Off                ; Off                ;
; Allow Synchronous Control Signals                                ; On                 ; On                 ;
; Force Use of Synchronous Clear Signals                           ; Off                ; Off                ;
; Auto RAM Block Balancing                                         ; On                 ; On                 ;
; Auto RAM to Logic Cell Conversion                                ; Off                ; Off                ;
; Auto Resource Sharing                                            ; Off                ; Off                ;
; Allow Any RAM Size For Recognition                               ; Off                ; Off                ;
; Allow Any ROM Size For Recognition                               ; Off                ; Off                ;
; Allow Any Shift Register Size For Recognition                    ; Off                ; Off                ;
; Use LogicLock Constraints during Resource Balancing              ; On                 ; On                 ;
; Ignore translate_off and synthesis_off directives                ; Off                ; Off                ;
; Timing-Driven Synthesis                                          ; On                 ; On                 ;
; Report Parameter Settings                                        ; On                 ; On                 ;
; Report Source Assignments                                        ; On                 ; On                 ;
; Report Connectivity Checks                                       ; On                 ; On                 ;
; Ignore Maximum Fan-Out Assignments                               ; Off                ; Off                ;
; Synchronization Register Chain Length                            ; 2                  ; 2                  ;
; Power Optimization During Synthesis                              ; Normal compilation ; Normal compilation ;
; HDL message level                                                ; Level2             ; Level2             ;
; Suppress Register Optimization Related Messages                  ; Off                ; Off                ;
; Number of Removed Registers Reported in Synthesis Report         ; 5000               ; 5000               ;
; Number of Swept Nodes Reported in Synthesis Report               ; 5000               ; 5000               ;
; Number of Inverted Registers Reported in Synthesis Report        ; 100                ; 100                ;
; Clock MUX Protection                                             ; On                 ; On                 ;
; Auto Gated Clock Conversion                                      ; Off                ; Off                ;
; Block Design Naming                                              ; Auto               ; Auto               ;
; SDC constraint protection                                        ; Off                ; Off                ;
; Synthesis Effort                                                 ; Auto               ; Auto               ;
; Shift Register Replacement - Allow Asynchronous Clear Signal     ; On                 ; On                 ;
; Pre-Mapping Resynthesis Optimization                             ; Off                ; Off                ;
; Analysis & Synthesis Message Level                               ; Medium             ; Medium             ;
; Disable Register Merging Across Hierarchies                      ; Auto               ; Auto               ;
; Resource Aware Inference For Block RAM                           ; On                 ; On                 ;
+------------------------------------------------------------------+--------------------+--------------------+


+------------------------------------------+
; Parallel Compilation                     ;
+----------------------------+-------------+
; Processors                 ; Number      ;
+----------------------------+-------------+
; Number detected on machine ; 8           ;
; Maximum allowed            ; 4           ;
;                            ;             ;
; Average used               ; 1.00        ;
; Maximum used               ; 4           ;
;                            ;             ;
; Usage by Processor         ; % Time Used ;
;     Processor 1            ; 100.0%      ;
;     Processors 2-4         ;   0.0%      ;
+----------------------------+-------------+


+----------------------------------------------------------------------------------------------------------------------+
; Analysis & Synthesis Source Files Read                                                                               ;
+----------------------------------+-----------------+------------------------+------------------------------+---------+
; File Name with User-Entered Path ; Used in Netlist ; File Type              ; File Name with Absolute Path ; Library ;
+----------------------------------+-----------------+------------------------+------------------------------+---------+
; UART_Module.v                    ; yes             ; User Verilog HDL File  ; D:/QQQQ/fpga/UART_Module.v   ;         ;
; UART_TX.v                        ; yes             ; User Verilog HDL File  ; D:/QQQQ/fpga/UART_TX.v       ;         ;
; UART_RX.v                        ; yes             ; User Verilog HDL File  ; D:/QQQQ/fpga/UART_RX.v       ;         ;
+----------------------------------+-----------------+------------------------+------------------------------+---------+


+-----------------------------------------------------+
; Analysis & Synthesis Resource Usage Summary         ;
+---------------------------------------------+-------+
; Resource                                    ; Usage ;
+---------------------------------------------+-------+
; Estimated Total logic elements              ; 189   ;
;                                             ;       ;
; Total combinational functions               ; 181   ;
; Logic element usage by number of LUT inputs ;       ;
;     -- 4 input functions                    ; 70    ;
;     -- 3 input functions                    ; 22    ;
;     -- <=2 input functions                  ; 89    ;
;                                             ;       ;
; Logic elements by mode                      ;       ;
;     -- normal mode                          ; 116   ;
;     -- arithmetic mode                      ; 65    ;
;                                             ;       ;
; Total registers                             ; 110   ;
;     -- Dedicated logic registers            ; 110   ;
;     -- I/O registers                        ; 0     ;
;                                             ;       ;
; I/O pins                                    ; 21    ;
;                                             ;       ;
; Embedded Multiplier 9-bit elements          ; 0     ;
;                                             ;       ;
; Maximum fan-out node                        ; clkn  ;
; Maximum fan-out                             ; 78    ;
; Total fan-out                               ; 894   ;
; Average fan-out                             ; 2.68  ;
+---------------------------------------------+-------+


+--------------------------------------------------------------------------------------------------------------------------------------------------------------------------------------------------------------+
; Analysis & Synthesis Resource Utilization by Entity                                                                                                                                                          ;
+----------------------------+---------------------+---------------------------+-------------+--------------+---------+-----------+------+--------------+-------------------------+-------------+--------------+
; Compilation Hierarchy Node ; Combinational ALUTs ; Dedicated Logic Registers ; Memory Bits ; DSP Elements ; DSP 9x9 ; DSP 18x18 ; Pins ; Virtual Pins ; Full Hierarchy Name     ; Entity Name ; Library Name ;
+----------------------------+---------------------+---------------------------+-------------+--------------+---------+-----------+------+--------------+-------------------------+-------------+--------------+
; |UART_Module               ; 181 (49)            ; 110 (33)                  ; 0           ; 0            ; 0       ; 0         ; 21   ; 0            ; |UART_Module            ; UART_Module ; work         ;
;    |UART_rx:RX|            ; 50 (50)             ; 40 (40)                   ; 0           ; 0            ; 0       ; 0         ; 0    ; 0            ; |UART_Module|UART_rx:RX ; UART_rx     ; work         ;
;    |UART_tx:TX|            ; 82 (82)             ; 37 (37)                   ; 0           ; 0            ; 0       ; 0         ; 0    ; 0            ; |UART_Module|UART_tx:TX ; UART_tx     ; work         ;
+----------------------------+---------------------+---------------------------+-------------+--------------+---------+-----------+------+--------------+-------------------------+-------------+--------------+
Note: For table entries with two numbers listed, the numbers in parentheses indicate the number of resources of the given type used by the specific entity alone. The numbers listed outside of parentheses indicate the total resources of the given type used by the specific entity and all of its sub-entities in the hierarchy.


Encoding Type:  One-Hot
+------------------------------------------------------------------+
; State Machine - |UART_Module|UART_rx:RX|STATE                    ;
+-------------+------------+------------+-------------+------------+
; Name        ; STATE.STOP ; STATE.DATA ; STATE.START ; STATE.IDLE ;
+-------------+------------+------------+-------------+------------+
; STATE.IDLE  ; 0          ; 0          ; 0           ; 0          ;
; STATE.START ; 0          ; 0          ; 1           ; 1          ;
; STATE.DATA  ; 0          ; 1          ; 0           ; 1          ;
; STATE.STOP  ; 1          ; 0          ; 0           ; 1          ;
+-------------+------------+------------+-------------+------------+


Encoding Type:  One-Hot
+------------------------------------------------------------------+
; State Machine - |UART_Module|UART_tx:TX|STATE                    ;
+-------------+------------+------------+-------------+------------+
; Name        ; STATE.STOP ; STATE.DATA ; STATE.START ; STATE.IDLE ;
+-------------+------------+------------+-------------+------------+
; STATE.IDLE  ; 0          ; 0          ; 0           ; 0          ;
; STATE.START ; 0          ; 0          ; 1           ; 1          ;
; STATE.DATA  ; 0          ; 1          ; 0           ; 1          ;
; STATE.STOP  ; 1          ; 0          ; 0           ; 1          ;
+-------------+------------+------------+-------------+------------+


+---------------------------------------------------------------------------------+
; Registers Removed During Synthesis                                              ;
+----------------------------------------+----------------------------------------+
; Register name                          ; Reason for Removal                     ;
+----------------------------------------+----------------------------------------+
; fixed_data[7]                          ; Stuck at VCC due to stuck port data_in ;
; fixed_data[3..6]                       ; Stuck at GND due to stuck port data_in ;
; fixed_data[2]                          ; Stuck at VCC due to stuck port data_in ;
; fixed_data[1]                          ; Stuck at GND due to stuck port data_in ;
; fixed_data[0]                          ; Stuck at VCC due to stuck port data_in ;
; tx_data[7]~reg0                        ; Stuck at VCC due to stuck port data_in ;
; tx_data[6]~reg0                        ; Stuck at GND due to stuck port data_in ;
; tx_data[5]~reg0                        ; Stuck at GND due to stuck port data_in ;
; tx_data[4]~reg0                        ; Stuck at GND due to stuck port data_in ;
; tx_data[3]~reg0                        ; Stuck at GND due to stuck port data_in ;
; tx_data[2]~reg0                        ; Stuck at VCC due to stuck port data_in ;
; tx_data[1]~reg0                        ; Stuck at GND due to stuck port data_in ;
; tx_data[0]~reg0                        ; Stuck at VCC due to stuck port data_in ;
; flg                                    ; Lost fanout                            ;
; UART_tx:TX|status                      ; Lost fanout                            ;
; UART_rx:RX|STATE~6                     ; Lost fanout                            ;
; UART_rx:RX|STATE~7                     ; Lost fanout                            ;
; UART_tx:TX|STATE~6                     ; Lost fanout                            ;
; UART_tx:TX|STATE~7                     ; Lost fanout                            ;
; Total Number of Removed Registers = 22 ;                                        ;
+----------------------------------------+----------------------------------------+


+-------------------------------------------------------------------------------------+
; Removed Registers Triggering Further Register Optimizations                         ;
+---------------+---------------------------+-----------------------------------------+
; Register name ; Reason for Removal        ; Registers Removed due to This Register  ;
+---------------+---------------------------+-----------------------------------------+
; fixed_data[7] ; Stuck at VCC              ; tx_data[7]~reg0, flg, UART_tx:TX|status ;
;               ; due to stuck port data_in ;                                         ;
; fixed_data[6] ; Stuck at GND              ; tx_data[6]~reg0                         ;
;               ; due to stuck port data_in ;                                         ;
; fixed_data[5] ; Stuck at GND              ; tx_data[5]~reg0                         ;
;               ; due to stuck port data_in ;                                         ;
; fixed_data[4] ; Stuck at GND              ; tx_data[4]~reg0                         ;
;               ; due to stuck port data_in ;                                         ;
; fixed_data[3] ; Stuck at GND              ; tx_data[3]~reg0                         ;
;               ; due to stuck port data_in ;                                         ;
; fixed_data[2] ; Stuck at VCC              ; tx_data[2]~reg0                         ;
;               ; due to stuck port data_in ;                                         ;
; fixed_data[1] ; Stuck at GND              ; tx_data[1]~reg0                         ;
;               ; due to stuck port data_in ;                                         ;
; fixed_data[0] ; Stuck at VCC              ; tx_data[0]~reg0                         ;
;               ; due to stuck port data_in ;                                         ;
+---------------+---------------------------+-----------------------------------------+


+------------------------------------------------------+
; General Register Statistics                          ;
+----------------------------------------------+-------+
; Statistic                                    ; Value ;
+----------------------------------------------+-------+
; Total registers                              ; 110   ;
; Number of registers using Synchronous Clear  ; 21    ;
; Number of registers using Synchronous Load   ; 0     ;
; Number of registers using Asynchronous Clear ; 41    ;
; Number of registers using Asynchronous Load  ; 0     ;
; Number of registers using Clock Enable       ; 61    ;
; Number of registers using Preset             ; 0     ;
+----------------------------------------------+-------+


+--------------------------------------------------+
; Inverted Register Statistics                     ;
+----------------------------------------+---------+
; Inverted Register                      ; Fan out ;
+----------------------------------------+---------+
; UART_tx:TX|data_out                    ; 2       ;
; UART_tx:TX|data_buff[0]                ; 1       ;
; UART_tx:TX|data_buff[2]                ; 1       ;
; UART_tx:TX|data_buff[7]                ; 2       ;
; Total number of inverted registers = 4 ;         ;
+----------------------------------------+---------+


+-------------------------------------------------------------------------------------------------------------------------------------------------------+
; Multiplexer Restructuring Statistics (Restructuring Performed)                                                                                        ;
+--------------------+-----------+---------------+----------------------+------------------------+------------+-----------------------------------------+
; Multiplexer Inputs ; Bus Width ; Baseline Area ; Area if Restructured ; Saving if Restructured ; Registered ; Example Multiplexer Output              ;
+--------------------+-----------+---------------+----------------------+------------------------+------------+-----------------------------------------+
; 5:1                ; 11 bits   ; 33 LEs        ; 11 LEs               ; 22 LEs                 ; Yes        ; |UART_Module|UART_rx:RX|data_val[6]     ;
; 5:1                ; 3 bits    ; 9 LEs         ; 3 LEs                ; 6 LEs                  ; Yes        ; |UART_Module|UART_tx:TX|bit_index[0]    ;
; 7:1                ; 16 bits   ; 64 LEs        ; 32 LEs               ; 32 LEs                 ; Yes        ; |UART_Module|UART_rx:RX|clk_counter[4]  ;
; 7:1                ; 5 bits    ; 20 LEs        ; 5 LEs                ; 15 LEs                 ; Yes        ; |UART_Module|UART_tx:TX|data_buff[1]    ;
; 7:1                ; 20 bits   ; 80 LEs        ; 20 LEs               ; 60 LEs                 ; Yes        ; |UART_Module|UART_tx:TX|clk_counter[11] ;
; 7:1                ; 2 bits    ; 8 LEs         ; 2 LEs                ; 6 LEs                  ; Yes        ; |UART_Module|UART_tx:TX|data_buff[2]    ;
; 7:1                ; 2 bits    ; 8 LEs         ; 6 LEs                ; 2 LEs                  ; No         ; |UART_Module|UART_rx:RX|STATE.STOP      ;
; 9:1                ; 2 bits    ; 12 LEs        ; 6 LEs                ; 6 LEs                  ; No         ; |UART_Module|UART_rx:RX|STATE.IDLE      ;
+--------------------+-----------+---------------+----------------------+------------------------+------------+-----------------------------------------+


+---------------------------------------------------------+
; Parameter Settings for User Entity Instance: UART_tx:TX ;
+----------------+-------+--------------------------------+
; Parameter Name ; Value ; Type                           ;
+----------------+-------+--------------------------------+
; IDLE           ; 00    ; Unsigned Binary                ;
; START          ; 01    ; Unsigned Binary                ;
; DATA           ; 10    ; Unsigned Binary                ;
; STOP           ; 11    ; Unsigned Binary                ;
; CLKS_PER_BIT   ; 16    ; Signed Integer                 ;
; CLKSidel       ; 50    ; Signed Integer                 ;
+----------------+-------+--------------------------------+
Note: In order to hide this table in the UI and the text report file, please set the "Show Parameter Settings in Synthesis Report" option in "Analysis and Synthesis Settings -> More Settings" to "Off".


+---------------------------------------------------------+
; Parameter Settings for User Entity Instance: UART_rx:RX ;
+----------------+-------+--------------------------------+
; Parameter Name ; Value ; Type                           ;
+----------------+-------+--------------------------------+
; CLKS_PER_BIT   ; 16    ; Signed Integer                 ;
+----------------+-------+--------------------------------+
Note: In order to hide this table in the UI and the text report file, please set the "Show Parameter Settings in Synthesis Report" option in "Analysis and Synthesis Settings -> More Settings" to "Off".


+-----------------------------------------------------+
; Post-Synthesis Netlist Statistics for Top Partition ;
+-----------------------+-----------------------------+
; Type                  ; Count                       ;
+-----------------------+-----------------------------+
; boundary_port         ; 21                          ;
; cycloneiii_ff         ; 110                         ;
;     CLR               ; 16                          ;
;     ENA               ; 18                          ;
;     ENA CLR           ; 22                          ;
;     ENA CLR SCLR      ; 3                           ;
;     ENA SCLR          ; 18                          ;
;     plain             ; 33                          ;
; cycloneiii_lcell_comb ; 184                         ;
;     arith             ; 65                          ;
;         2 data inputs ; 65                          ;
;     normal            ; 119                         ;
;         0 data inputs ; 2                           ;
;         1 data inputs ; 4                           ;
;         2 data inputs ; 21                          ;
;         3 data inputs ; 22                          ;
;         4 data inputs ; 70                          ;
;                       ;                             ;
; Max LUT depth         ; 5.00                        ;
; Average LUT depth     ; 3.11                        ;
+-----------------------+-----------------------------+


+-------------------------------+
; Elapsed Time Per Partition    ;
+----------------+--------------+
; Partition Name ; Elapsed Time ;
+----------------+--------------+
; Top            ; 00:00:00     ;
+----------------+--------------+


+-------------------------------+
; Analysis & Synthesis Messages ;
+-------------------------------+
Info: *******************************************************************
Info: Running Quartus Prime Analysis & Synthesis
    Info: Version 20.1.1 Build 720 11/11/2020 SJ Lite Edition
    Info: Processing started: Thu May 08 10:57:33 2025
Info: Command: quartus_map --read_settings_files=on --write_settings_files=off UART -c UART
Warning (18236): Number of processors has not been specified which may cause overloading on shared machines.  Set the global assignment NUM_PARALLEL_PROCESSORS in your QSF to an appropriate value for best performance.
Info (20030): Parallel compilation is enabled and will use 4 of the 4 processors detected
Info (12021): Found 1 design units, including 1 entities, in source file uart_module.v
    Info (12023): Found entity 1: UART_Module File: D:/QQQQ/fpga/UART_Module.v Line: 2
Info (12021): Found 1 design units, including 1 entities, in source file uart_tx.v
    Info (12023): Found entity 1: UART_tx File: D:/QQQQ/fpga/UART_TX.v Line: 1
Info (12021): Found 1 design units, including 1 entities, in source file uart_rx.v
    Info (12023): Found entity 1: UART_rx File: D:/QQQQ/fpga/UART_RX.v Line: 1
Info (12021): Found 1 design units, including 1 entities, in source file uart_tb.v
    Info (12023): Found entity 1: UART_tb File: D:/QQQQ/fpga/UART_tb.v Line: 3
Warning (10222): Verilog HDL Parameter Declaration warning at UART_RX.v(9): Parameter Declaration in module "UART_rx" behaves as a Local Parameter Declaration because the module has a Module Parameter Port List File: D:/QQQQ/fpga/UART_RX.v Line: 9
Info (12127): Elaborating entity "UART_Module" for the top level hierarchy
Info (12128): Elaborating entity "UART_tx" for hierarchy "UART_tx:TX" File: D:/QQQQ/fpga/UART_Module.v Line: 48
Warning (10230): Verilog HDL assignment warning at UART_TX.v(31): truncated value with size 32 to match size of target (20) File: D:/QQQQ/fpga/UART_TX.v Line: 31
Warning (10230): Verilog HDL assignment warning at UART_TX.v(43): truncated value with size 32 to match size of target (20) File: D:/QQQQ/fpga/UART_TX.v Line: 43
Warning (10230): Verilog HDL assignment warning at UART_TX.v(55): truncated value with size 32 to match size of target (20) File: D:/QQQQ/fpga/UART_TX.v Line: 55
Warning (10230): Verilog HDL assignment warning at UART_TX.v(59): truncated value with size 32 to match size of target (4) File: D:/QQQQ/fpga/UART_TX.v Line: 59
Warning (10230): Verilog HDL assignment warning at UART_TX.v(70): truncated value with size 32 to match size of target (20) File: D:/QQQQ/fpga/UART_TX.v Line: 70
Info (12128): Elaborating entity "UART_rx" for hierarchy "UART_rx:RX" File: D:/QQQQ/fpga/UART_Module.v Line: 58
Warning (10036): Verilog HDL or VHDL warning at UART_RX.v(11): object "count" assigned a value but never read File: D:/QQQQ/fpga/UART_RX.v Line: 11
Warning (10036): Verilog HDL or VHDL warning at UART_RX.v(17): object "flag" assigned a value but never read File: D:/QQQQ/fpga/UART_RX.v Line: 17
Warning (10036): Verilog HDL or VHDL warning at UART_RX.v(18): object "statflag" assigned a value but never read File: D:/QQQQ/fpga/UART_RX.v Line: 18
Warning (10230): Verilog HDL assignment warning at UART_RX.v(35): truncated value with size 32 to match size of target (16) File: D:/QQQQ/fpga/UART_RX.v Line: 35
Warning (10230): Verilog HDL assignment warning at UART_RX.v(48): truncated value with size 32 to match size of target (16) File: D:/QQQQ/fpga/UART_RX.v Line: 48
Warning (10230): Verilog HDL assignment warning at UART_RX.v(52): truncated value with size 32 to match size of target (4) File: D:/QQQQ/fpga/UART_RX.v Line: 52
Warning (10230): Verilog HDL assignment warning at UART_RX.v(57): truncated value with size 32 to match size of target (4) File: D:/QQQQ/fpga/UART_RX.v Line: 57
Warning (10230): Verilog HDL assignment warning at UART_RX.v(74): truncated value with size 32 to match size of target (16) File: D:/QQQQ/fpga/UART_RX.v Line: 74
Info (13000): Registers with preset signals will power-up high File: D:/QQQQ/fpga/UART_TX.v Line: 5
Info (13003): DEV_CLRn pin will set, and not reset, register with preset signal due to NOT Gate Push-Back
Warning (13024): Output pins are stuck at VCC or GND
    Warning (13410): Pin "tx_data[0]" is stuck at VCC File: D:/QQQQ/fpga/UART_Module.v Line: 21
    Warning (13410): Pin "tx_data[1]" is stuck at GND File: D:/QQQQ/fpga/UART_Module.v Line: 21
    Warning (13410): Pin "tx_data[2]" is stuck at VCC File: D:/QQQQ/fpga/UART_Module.v Line: 21
    Warning (13410): Pin "tx_data[3]" is stuck at GND File: D:/QQQQ/fpga/UART_Module.v Line: 21
    Warning (13410): Pin "tx_data[4]" is stuck at GND File: D:/QQQQ/fpga/UART_Module.v Line: 21
    Warning (13410): Pin "tx_data[5]" is stuck at GND File: D:/QQQQ/fpga/UART_Module.v Line: 21
    Warning (13410): Pin "tx_data[6]" is stuck at GND File: D:/QQQQ/fpga/UART_Module.v Line: 21
    Warning (13410): Pin "tx_data[7]" is stuck at VCC File: D:/QQQQ/fpga/UART_Module.v Line: 21
Info (286030): Timing-Driven Synthesis is running
Critical Warning (18061): Ignored Power-Up Level option on the following registers
    Critical Warning (18010): Register UART_tx:TX|data_buff[0] will power up to High File: D:/QQQQ/fpga/UART_TX.v Line: 26
    Critical Warning (18010): Register UART_tx:TX|data_buff[2] will power up to High File: D:/QQQQ/fpga/UART_TX.v Line: 26
    Critical Warning (18010): Register UART_tx:TX|data_buff[7] will power up to High File: D:/QQQQ/fpga/UART_TX.v Line: 26
Info (17049): 6 registers lost all their fanouts during netlist optimizations.
Info (144001): Generated suppressed messages file D:/QQQQ/fpga/output_files/UART.map.smsg
Info (16010): Generating hard_block partition "hard_block:auto_generated_inst"
    Info (16011): Adding 0 node(s), including 0 DDIO, 0 PLL, 0 transceiver and 0 LCELL
Warning (21074): Design contains 1 input pin(s) that do not drive logic
    Warning (15610): No output dependent on input pin "tx_ctr" File: D:/QQQQ/fpga/UART_Module.v Line: 4
Info (21057): Implemented 212 device resources after synthesis - the final resource count might be different
    Info (21058): Implemented 4 input pins
    Info (21059): Implemented 17 output pins
    Info (21061): Implemented 191 logic cells
Info: Quartus Prime Analysis & Synthesis was successful. 0 errors, 30 warnings
    Info: Peak virtual memory: 4765 megabytes
    Info: Processing ended: Thu May 08 10:57:44 2025
    Info: Elapsed time: 00:00:11
    Info: Total CPU time (on all processors): 00:00:15


+------------------------------------------+
; Analysis & Synthesis Suppressed Messages ;
+------------------------------------------+
The suppressed messages can be found in D:/QQQQ/fpga/output_files/UART.map.smsg.


